<?xml version="1.0" encoding="UTF-8"?>
<!-- Generated by org.testng.reporters.JUnitXMLReporter -->
<testsuite hostname="PG014UCR" name="Samsung7" tests="1" failures="1" timestamp="26 Jun 2018 17:31:02 GMT" time="44.326" errors="0">
  <testcase name="runCukes" time="43.217" classname="runner.com.MYHomePage.Runner_HomePageVerification">
    <failure type="java.lang.AssertionError" message="Myntra home page is not displayed expected [true] but found [false]">
      <![CDATA[java.lang.AssertionError: Myntra home page is not displayed expected [true] but found [false]
	at com.cucumber.framework.pageobject.PG_MY_HomePage.verifyHomePage(PG_MY_HomePage.java:60)
	at com.cucumber.framework.stepdefinition.HomePage.TC_01_HomePageDisplayVerification.user_verifies_home_page_is_displayed(TC_01_HomePageDisplayVerification.java:29)
	at cucumber.runtime.Utils$1.call(Utils.java:40)
	at cucumber.runtime.Timeout.timeout(Timeout.java:16)
	at cucumber.runtime.Utils.invoke(Utils.java:34)
	at cucumber.runtime.java.JavaStepDefinition.execute(JavaStepDefinition.java:38)
	at cucumber.runtime.StepDefinitionMatch.runStep(StepDefinitionMatch.java:37)
	at cucumber.runtime.Runtime.runStep(Runtime.java:300)
	at cucumber.runtime.model.StepContainer.runStep(StepContainer.java:44)
	at cucumber.runtime.model.StepContainer.runSteps(StepContainer.java:39)
	at cucumber.runtime.model.CucumberScenario.run(CucumberScenario.java:44)
	at cucumber.runtime.model.CucumberFeature.run(CucumberFeature.java:165)
	at cucumber.api.testng.TestNGCucumberRunner.runCukes(TestNGCucumberRunner.java:50)
	at runner.com.MYHomePage.Runner_HomePageVerification.runCukes(Runner_HomePageVerification.java:106)
... Removed 31 stack frames]]>
    </failure>
  </testcase> <!-- runCukes -->
</testsuite> <!-- Samsung7 -->
