<?xml version="1.0" encoding="UTF-8"?>
<testng-results skipped="0" failed="0" total="1" passed="1">
  <reporter-output>
  </reporter-output>
  <suite name="Functional Test Suite_SamsungReal" duration-ms="33874" started-at="2018-06-13T07:00:31Z" finished-at="2018-06-13T07:01:05Z">
    <groups>
    </groups>
    <test name="Samsung7" duration-ms="33874" started-at="2018-06-13T07:00:31Z" finished-at="2018-06-13T07:01:05Z">
      <class name="runner.com.MYMenProductPage.Runner_MenProductVerification">
        <test-method status="PASS" signature="beforeSuite()[pri:0, instance:runner.com.MYMenProductPage.Runner_MenProductVerification@6043cd28]" name="beforeSuite" is-config="true" duration-ms="8" started-at="2018-06-13T12:30:31Z" finished-at="2018-06-13T12:30:31Z">
          <reporter-output>
          </reporter-output>
        </test-method> <!-- beforeSuite -->
        <test-method status="PASS" signature="onBeforeTestMobile(java.lang.String, org.testng.ITestContext)[pri:0, instance:runner.com.MYMenProductPage.Runner_MenProductVerification@6043cd28]" name="onBeforeTestMobile" is-config="true" duration-ms="174" started-at="2018-06-13T12:30:31Z" finished-at="2018-06-13T12:30:31Z">
          <params>
            <param index="0">
              <value>
                <![CDATA[42003a0fd3148479]]>
              </value>
            </param>
            <param index="1">
              <value>
                <![CDATA[org.testng.TestRunner@1bc425e7]]>
              </value>
            </param>
          </params>
          <reporter-output>
          </reporter-output>
        </test-method> <!-- onBeforeTestMobile -->
        <test-method status="PASS" signature="runCukes()[pri:0, instance:runner.com.MYMenProductPage.Runner_MenProductVerification@6043cd28]" name="runCukes" duration-ms="33259" started-at="2018-06-13T12:30:31Z" finished-at="2018-06-13T12:31:05Z">
          <reporter-output>
          </reporter-output>
        </test-method> <!-- runCukes -->
        <test-method status="PASS" signature="afterTest()[pri:0, instance:runner.com.MYMenProductPage.Runner_MenProductVerification@6043cd28]" name="afterTest" is-config="true" duration-ms="343" started-at="2018-06-13T12:31:05Z" finished-at="2018-06-13T12:31:05Z">
          <reporter-output>
          </reporter-output>
        </test-method> <!-- afterTest -->
        <test-method status="PASS" signature="afterSuite()[pri:0, instance:runner.com.MYMenProductPage.Runner_MenProductVerification@6043cd28]" name="afterSuite" is-config="true" duration-ms="1" started-at="2018-06-13T12:31:05Z" finished-at="2018-06-13T12:31:05Z">
          <reporter-output>
          </reporter-output>
        </test-method> <!-- afterSuite -->
      </class> <!-- runner.com.MYMenProductPage.Runner_MenProductVerification -->
    </test> <!-- Samsung7 -->
  </suite> <!-- Functional Test Suite_SamsungReal -->
</testng-results>
